<?xml version="1.0" encoding="utf-8"?><testsuites name="pytest tests"><testsuite name="pytest" errors="0" failures="0" skipped="4" tests="28" time="6.786" timestamp="2026-02-24T12:49:09.977865+00:00" hostname="agent-env-5c77048c-f31e-46e9-8769-4b1ac4498212"><testcase classname="backend.tests.test_performance_api.TestPerformanceAPI" name="test_health_check" time="0.296" /><testcase classname="backend.tests.test_performance_api.TestPerformanceAPI" name="test_positions_exist" time="0.771" /><testcase classname="backend.tests.test_performance_api.TestPerformanceAPI" name="test_portfolio_performance_no_zero_drops[1m]" time="0.527" /><testcase classname="backend.tests.test_performance_api.TestPerformanceAPI" name="test_portfolio_performance_no_zero_drops[3m]" time="0.188" /><testcase classname="backend.tests.test_performance_api.TestPerformanceAPI" name="test_portfolio_performance_no_zero_drops[6m]" time="0.229" /><testcase classname="backend.tests.test_performance_api.TestPerformanceAPI" name="test_portfolio_performance_no_zero_drops[1y]" time="0.207" /><testcase classname="backend.tests.test_performance_api.TestPerformanceAPI" name="test_portfolio_performance_no_zero_drops[ytd]" time="0.220" /><testcase classname="backend.tests.test_performance_api.TestPerformanceAPI" name="test_portfolio_performance_no_zero_drops[all]" time="0.188"><skipped type="pytest.skip" message="No performance data for period all">/app/backend/tests/test_performance_api.py:57: No performance data for period all</skipped></testcase><testcase classname="backend.tests.test_performance_api.TestPerformanceAPI" name="test_portfolio_performance_data_continuity[1m]" time="0.195" /><testcase classname="backend.tests.test_performance_api.TestPerformanceAPI" name="test_portfolio_performance_data_continuity[3m]" time="0.208" /><testcase classname="backend.tests.test_performance_api.TestPerformanceAPI" name="test_portfolio_performance_data_continuity[6m]" time="0.208" /><testcase classname="backend.tests.test_performance_api.TestPerformanceAPI" name="test_portfolio_performance_data_continuity[1y]" time="0.238" /><testcase classname="backend.tests.test_performance_api.TestPerformanceAPI" name="test_portfolio_performance_data_continuity[ytd]" time="0.191" /><testcase classname="backend.tests.test_performance_api.TestPerformanceAPI" name="test_portfolio_performance_data_continuity[all]" time="0.185"><skipped type="pytest.skip" message="Not enough data for period all">/app/backend/tests/test_performance_api.py:93: Not enough data for period all</skipped></testcase><testcase classname="backend.tests.test_performance_api.TestPerformanceAPI" name="test_performance_returns_total_return" time="0.235" /><testcase classname="backend.tests.test_performance_api.TestCompareIndexAPI" name="test_compare_index_no_anomalies[1m]" time="0.288" /><testcase classname="backend.tests.test_performance_api.TestCompareIndexAPI" name="test_compare_index_no_anomalies[3m]" time="0.182" /><testcase classname="backend.tests.test_performance_api.TestCompareIndexAPI" name="test_compare_index_no_anomalies[6m]" time="0.196" /><testcase classname="backend.tests.test_performance_api.TestCompareIndexAPI" name="test_compare_index_no_anomalies[1y]" time="0.204" /><testcase classname="backend.tests.test_performance_api.TestCompareIndexAPI" name="test_compare_index_no_anomalies[ytd]" time="0.171" /><testcase classname="backend.tests.test_performance_api.TestCompareIndexAPI" name="test_compare_index_different_indices[^GSPC]" time="0.192" /><testcase classname="backend.tests.test_performance_api.TestCompareIndexAPI" name="test_compare_index_different_indices[^FCHI]" time="0.307" /><testcase classname="backend.tests.test_performance_api.TestCompareIndexAPI" name="test_compare_index_different_indices[URTH]" time="0.231" /><testcase classname="backend.tests.test_performance_api.TestCompareIndexAPI" name="test_compare_index_different_indices[^NDX]" time="0.215" /><testcase classname="backend.tests.test_performance_api.TestIndividualPositionPerformance" name="test_btc_performance_no_drops" time="0.119"><skipped type="pytest.skip" message="No BTC-EUR performance data">/app/backend/tests/test_performance_api.py:193: No BTC-EUR performance data</skipped></testcase><testcase classname="backend.tests.test_performance_api.TestIndividualPositionPerformance" name="test_aapl_performance_no_drops" time="0.132"><skipped type="pytest.skip" message="No AAPL performance data">/app/backend/tests/test_performance_api.py:210: No AAPL performance data</skipped></testcase><testcase classname="backend.tests.test_performance_api.TestMixedPortfolioEdgeCases" name="test_weekend_data_alignment" time="0.199" /><testcase classname="backend.tests.test_performance_api.TestMixedPortfolioEdgeCases" name="test_data_consistency_first_to_last" time="0.186" /></testsuite></testsuites>