<?xml version="1.0" encoding="utf-8"?><testsuites name="pytest tests"><testsuite name="pytest" errors="0" failures="0" skipped="0" tests="13" time="5.397" timestamp="2026-02-24T13:11:27.161499+00:00" hostname="agent-env-5c77048c-f31e-46e9-8769-4b1ac4498212"><testcase classname="backend.tests.test_portfolio_isolation.TestAPIHealth" name="test_api_root_accessible" time="0.197" /><testcase classname="backend.tests.test_portfolio_isolation.TestAPIHealth" name="test_login_working" time="0.373" /><testcase classname="backend.tests.test_portfolio_isolation.TestCapitalWithPortfolioId" name="test_get_capital_with_portfolio_id" time="0.103" /><testcase classname="backend.tests.test_portfolio_isolation.TestCapitalWithPortfolioId" name="test_add_capital_deposit_with_portfolio_id" time="0.108" /><testcase classname="backend.tests.test_portfolio_isolation.TestCapitalWithPortfolioId" name="test_capital_isolation_between_portfolios" time="0.742" /><testcase classname="backend.tests.test_portfolio_isolation.TestCashAccountsWithPortfolioId" name="test_get_cash_accounts_with_portfolio_id" time="0.097" /><testcase classname="backend.tests.test_portfolio_isolation.TestCashAccountsWithPortfolioId" name="test_create_cash_account_with_portfolio_id" time="0.813" /><testcase classname="backend.tests.test_portfolio_isolation.TestPortfolioSummaryWithPortfolioId" name="test_get_summary_with_portfolio_id" time="1.367" /><testcase classname="backend.tests.test_portfolio_isolation.TestPortfolioSummaryWithPortfolioId" name="test_summary_reflects_portfolio_capital" time="0.563" /><testcase classname="backend.tests.test_portfolio_isolation.TestPositionsWithPortfolioId" name="test_get_positions_with_portfolio_id" time="0.374" /><testcase classname="backend.tests.test_portfolio_isolation.TestDeleteCapitalContribution" name="test_delete_capital_contribution" time="0.213" /><testcase classname="backend.tests.test_portfolio_isolation.TestPortfoliosCRUD" name="test_get_portfolios" time="0.107" /><testcase classname="backend.tests.test_portfolio_isolation.TestPortfoliosCRUD" name="test_create_and_delete_portfolio" time="0.262" /></testsuite></testsuites>