<?xml version="1.0" encoding="utf-8"?><testsuites name="pytest tests"><testsuite name="pytest" errors="0" failures="0" skipped="0" tests="15" time="8.926" timestamp="2026-02-12T14:10:33.192129+00:00" hostname="agent-env-564ef0d8-1048-4cfe-a99a-db59593d1060"><testcase classname="backend.tests.test_portfolio_transactions.TestAuth" name="test_login_success" time="0.442" /><testcase classname="backend.tests.test_portfolio_transactions.TestAuth" name="test_login_invalid_credentials" time="0.043" /><testcase classname="backend.tests.test_portfolio_transactions.TestPortfolioConsistency" name="test_get_portfolios" time="0.298" /><testcase classname="backend.tests.test_portfolio_transactions.TestPortfolioConsistency" name="test_positions_with_portfolio_id" time="0.689" /><testcase classname="backend.tests.test_portfolio_transactions.TestPortfolioConsistency" name="test_summary_with_portfolio_id" time="0.493" /><testcase classname="backend.tests.test_portfolio_transactions.TestPortfolioConsistency" name="test_dashboard_portfolio_consistency" time="0.510" /><testcase classname="backend.tests.test_portfolio_transactions.TestSellFunctionality" name="test_create_test_position_for_sell" time="0.396" /><testcase classname="backend.tests.test_portfolio_transactions.TestSellFunctionality" name="test_sell_partial_position" time="1.851" /><testcase classname="backend.tests.test_portfolio_transactions.TestSellFunctionality" name="test_sell_error_insufficient_quantity" time="1.080" /><testcase classname="backend.tests.test_portfolio_transactions.TestSellFunctionality" name="test_sell_nonexistent_position" time="0.308" /><testcase classname="backend.tests.test_portfolio_transactions.TestBuyFunctionality" name="test_buy_new_position" time="0.188" /><testcase classname="backend.tests.test_portfolio_transactions.TestBuyFunctionality" name="test_buy_merge_pru" time="2.438" /><testcase classname="backend.tests.test_portfolio_transactions.TestCashBalance" name="test_get_cash_balance" time="0.045" /><testcase classname="backend.tests.test_portfolio_transactions.TestCashBalance" name="test_cash_transactions_history" time="0.037" /><testcase classname="backend.tests.test_portfolio_transactions.TestTransactions" name="test_get_transactions" time="0.039" /></testsuite></testsuites>